<?xml version="1.0" encoding="UTF-8"?>
<!-- Generated by org.testng.reporters.JUnitReportReporter -->
<testsuite hostname="LAPTOP-EIGNA8P9" failures="0" tests="1" name="com.TestNG_rajeshscript.TestNG_basic" time="0.015" errors="0" timestamp="2023-11-14T11:51:57 IST" skipped="0">
  <testcase classname="com.TestNG_rajeshscript.TestNG_basic" name="gmailApplicationLaunch" time="0.015"/>
  <system-out/>
</testsuite> <!-- com.TestNG_rajeshscript.TestNG_basic -->
