<?xml version="1.0" encoding="UTF-8"?>
<!-- Generated by org.testng.reporters.JUnitReportReporter -->
<testsuite hostname="LAPTOP-EIGNA8P9" failures="0" tests="4" name="OrangeHRMApplicationTesting.TestngAddEmployee" time="3.918" errors="0" timestamp="2023-12-06T19:58:13 IST" skipped="0">
  <testcase classname="OrangeHRMApplicationTesting.TestngAddEmployee" name="LoginpanelText" time="0.790"/>
  <system-out/>
  <testcase classname="OrangeHRMApplicationTesting.TestngAddEmployee" name="OHRMTitle" time="0.149"/>
  <system-out/>
  <testcase classname="OrangeHRMApplicationTesting.TestngAddEmployee" name="HomePageValidation" time="1.644"/>
  <system-out/>
  <testcase classname="OrangeHRMApplicationTesting.TestngAddEmployee" name="PIMElement" time="1.335"/>
  <system-out/>
</testsuite> <!-- OrangeHRMApplicationTesting.TestngAddEmployee -->
