<?xml version="1.0" encoding="UTF-8"?>
<!-- Generated by org.testng.reporters.JUnitReportReporter -->
<testsuite hostname="LAPTOP-EIGNA8P9" failures="0" tests="4" name="OrangeHRMApplicationTesting.LogInTest" time="27.198" errors="0" timestamp="2023-12-09T20:56:52 IST" skipped="0">
  <testcase classname="OrangeHRMApplicationTesting.LogInTest" name="logInTest" time="3.375"/>
  <system-out/>
  <testcase classname="OrangeHRMApplicationTesting.LogInTest" name="pimTest" time="0.176"/>
  <system-out/>
  <testcase classname="OrangeHRMApplicationTesting.LogInTest" name="addEmployeeTest" time="0.743"/>
  <system-out/>
  <testcase classname="OrangeHRMApplicationTesting.LogInTest" name="newAddNewEmployeeTest" time="22.904"/>
  <system-out/>
</testsuite> <!-- OrangeHRMApplicationTesting.LogInTest -->
